<?xml version="1.0" encoding="UTF-8"?>
<!-- Generated by org.testng.reporters.JUnitReportReporter -->
<testsuite hostname="DESKTOP-BBARUSM" failures="0" tests="1" name="Demo.ToOpenSwiggy" time="16.827" errors="0" timestamp="2023-01-19T16:14:24 IST" skipped="0">
  <testcase classname="Demo.ToOpenSwiggy" name="swiggy" time="16.827"/>
  <system-out/>
</testsuite> <!-- Demo.ToOpenSwiggy -->
