<?xml version="1.0" encoding="UTF-8"?>
<!-- Generated by org.testng.reporters.JUnitReportReporter -->
<testsuite hostname="DESKTOP-BBARUSM" failures="0" tests="1" name="Demo.ToOpenZomato" time="20.782" errors="0" timestamp="2023-01-19T16:09:33 IST" skipped="0">
  <testcase classname="Demo.ToOpenZomato" name="zomato" time="20.782"/>
  <system-out/>
</testsuite> <!-- Demo.ToOpenZomato -->
