<?xml version="1.0" encoding="UTF-8"?>
<!-- Generated by org.testng.reporters.JUnitReportReporter -->
<testsuite hostname="DESKTOP-BBARUSM" failures="0" tests="1" name="Demo.LaunchEmtyBrowserTest" time="0.685" errors="0" timestamp="2023-01-19T16:34:19 IST" skipped="0">
  <testcase classname="Demo.LaunchEmtyBrowserTest" name="launchBrowser" time="0.685"/>
  <system-out/>
</testsuite> <!-- Demo.LaunchEmtyBrowserTest -->
